[13637] debug @0.630420> [hit #1]Set xp in /home/gideon/PerlMonksFlairApp/lib/PerlMonksFlairApp.pm l. 89
[13637] debug @0.630727> [hit #1]set lvl in /home/gideon/PerlMonksFlairApp/lib/PerlMonksFlairApp.pm l. 95
[13637] debug @0.630948> [hit #1]set witeups in /home/gideon/PerlMonksFlairApp/lib/PerlMonksFlairApp.pm l. 101
[13637] debug @0.638412> [hit #1]gideondsouza => Xp: 430
 74 level = Monk (7) L =7 in /home/gideon/PerlMonksFlairApp/lib/PerlMonksFlairApp.pm l. 108
[13637] debug @0.642881> [hit #1]color is: 0 in /home/gideon/PerlMonksFlairApp/lib/PerlMonksFlairApp.pm l. 118
[13638] debug @0.756229> [hit #1]Set xp in /home/gideon/PerlMonksFlairApp/lib/PerlMonksFlairApp.pm l. 89
[13638] debug @0.756593> [hit #1]set lvl in /home/gideon/PerlMonksFlairApp/lib/PerlMonksFlairApp.pm l. 95
[13638] debug @0.756840> [hit #1]set witeups in /home/gideon/PerlMonksFlairApp/lib/PerlMonksFlairApp.pm l. 101
[13638] debug @0.772002> [hit #1]davido => Xp: 46207
 3953 level = Bishop (22) L =11 in /home/gideon/PerlMonksFlairApp/lib/PerlMonksFlairApp.pm l. 108
[13638] debug @0.776635> [hit #1]color is: 0 in /home/gideon/PerlMonksFlairApp/lib/PerlMonksFlairApp.pm l. 118
[13636] debug @0.666514> [hit #1]Set xp in /home/gideon/PerlMonksFlairApp/lib/PerlMonksFlairApp.pm l. 89
[13636] debug @0.666912> [hit #1]set lvl in /home/gideon/PerlMonksFlairApp/lib/PerlMonksFlairApp.pm l. 95
[13636] debug @0.667171> [hit #1]set witeups in /home/gideon/PerlMonksFlairApp/lib/PerlMonksFlairApp.pm l. 101
[13636] debug @0.678387> [hit #1]MidLifeXis => Xp: 9829
 1197 level = Prior (17) L =11 in /home/gideon/PerlMonksFlairApp/lib/PerlMonksFlairApp.pm l. 108
[13636] debug @0.681908> [hit #1]color is: 0 in /home/gideon/PerlMonksFlairApp/lib/PerlMonksFlairApp.pm l. 118
[13651] debug @1.152525> [hit #1]Set xp in /home/gideon/PerlMonksFlairApp/lib/PerlMonksFlairApp.pm l. 89
[13651] debug @1.153107> [hit #1]set lvl in /home/gideon/PerlMonksFlairApp/lib/PerlMonksFlairApp.pm l. 95
[13651] debug @1.153583> [hit #1]set witeups in /home/gideon/PerlMonksFlairApp/lib/PerlMonksFlairApp.pm l. 101
[13651] debug @1.166029> [hit #1]MidLifeXis => Xp: 9829
 1197 level = Prior (17) L =11 in /home/gideon/PerlMonksFlairApp/lib/PerlMonksFlairApp.pm l. 108
[13651] debug @1.169412> [hit #1]color is: 0 in /home/gideon/PerlMonksFlairApp/lib/PerlMonksFlairApp.pm l. 118
[13657] debug @0.586419> [hit #1]Set xp in /home/gideon/PerlMonksFlairApp/lib/PerlMonksFlairApp.pm l. 89
[13657] debug @0.586783> [hit #1]set lvl in /home/gideon/PerlMonksFlairApp/lib/PerlMonksFlairApp.pm l. 95
[13657] debug @0.587062> [hit #1]set witeups in /home/gideon/PerlMonksFlairApp/lib/PerlMonksFlairApp.pm l. 101
[13657] debug @0.593866> [hit #1]gideondsouza => Xp: 430
 74 level = Monk (7) L =7 in /home/gideon/PerlMonksFlairApp/lib/PerlMonksFlairApp.pm l. 108
[13657] debug @0.597372> [hit #1]color is: 0 in /home/gideon/PerlMonksFlairApp/lib/PerlMonksFlairApp.pm l. 118
[13655] debug @0.958167> [hit #1]Set xp in /home/gideon/PerlMonksFlairApp/lib/PerlMonksFlairApp.pm l. 89
[13655] debug @0.958502> [hit #1]set lvl in /home/gideon/PerlMonksFlairApp/lib/PerlMonksFlairApp.pm l. 95
[13655] debug @0.958789> [hit #1]set witeups in /home/gideon/PerlMonksFlairApp/lib/PerlMonksFlairApp.pm l. 101
[13655] debug @0.967582> [hit #1]MidLifeXis => Xp: 9829
 1197 level = Prior (17) L =11 in /home/gideon/PerlMonksFlairApp/lib/PerlMonksFlairApp.pm l. 108
[13655] debug @0.970940> [hit #1]color is: 0 in /home/gideon/PerlMonksFlairApp/lib/PerlMonksFlairApp.pm l. 118
[13654] debug @1.133602> [hit #1]Set xp in /home/gideon/PerlMonksFlairApp/lib/PerlMonksFlairApp.pm l. 89
[13654] debug @1.133949> [hit #1]set lvl in /home/gideon/PerlMonksFlairApp/lib/PerlMonksFlairApp.pm l. 95
[13654] debug @1.134197> [hit #1]set witeups in /home/gideon/PerlMonksFlairApp/lib/PerlMonksFlairApp.pm l. 101
[13654] debug @1.141350> [hit #1]gideondsouza => Xp: 430
 74 level = Monk (7) L =7 in /home/gideon/PerlMonksFlairApp/lib/PerlMonksFlairApp.pm l. 108
[13654] debug @1.144736> [hit #1]color is: 0 in /home/gideon/PerlMonksFlairApp/lib/PerlMonksFlairApp.pm l. 118
[13657] debug @0.598371> [hit #3]Set xp in /home/gideon/PerlMonksFlairApp/lib/PerlMonksFlairApp.pm l. 89
[13657] debug @0.598765> [hit #3]set lvl in /home/gideon/PerlMonksFlairApp/lib/PerlMonksFlairApp.pm l. 95
[13657] debug @0.599018> [hit #3]set witeups in /home/gideon/PerlMonksFlairApp/lib/PerlMonksFlairApp.pm l. 101
[13657] debug @0.605467> [hit #3]gideondsouza => Xp: 430
 74 level = Monk (7) L =7 in /home/gideon/PerlMonksFlairApp/lib/PerlMonksFlairApp.pm l. 108
[13657] debug @0.606410> [hit #3]color is: 0 in /home/gideon/PerlMonksFlairApp/lib/PerlMonksFlairApp.pm l. 118
[13654] debug @0.671117> [hit #4]Set xp in /home/gideon/PerlMonksFlairApp/lib/PerlMonksFlairApp.pm l. 89
[13654] debug @0.671469> [hit #4]set lvl in /home/gideon/PerlMonksFlairApp/lib/PerlMonksFlairApp.pm l. 95
[13654] debug @0.671733> [hit #4]set witeups in /home/gideon/PerlMonksFlairApp/lib/PerlMonksFlairApp.pm l. 101
[13654] debug @0.680030> [hit #4]MidLifeXis => Xp: 9831
 1197 level = Prior (17) L =11 in /home/gideon/PerlMonksFlairApp/lib/PerlMonksFlairApp.pm l. 108
[13654] debug @0.680947> [hit #4]color is: 0 in /home/gideon/PerlMonksFlairApp/lib/PerlMonksFlairApp.pm l. 118
[13656] debug @0.703095> [hit #5]Set xp in /home/gideon/PerlMonksFlairApp/lib/PerlMonksFlairApp.pm l. 89
[13656] debug @0.703433> [hit #5]set lvl in /home/gideon/PerlMonksFlairApp/lib/PerlMonksFlairApp.pm l. 95
[13656] debug @0.703677> [hit #5]set witeups in /home/gideon/PerlMonksFlairApp/lib/PerlMonksFlairApp.pm l. 101
[13656] debug @0.709435> [hit #5]gideondsouza => Xp: 432
 74 level = Monk (7) L =7 in /home/gideon/PerlMonksFlairApp/lib/PerlMonksFlairApp.pm l. 108
[13656] debug @0.712998> [hit #5]color is: 0 in /home/gideon/PerlMonksFlairApp/lib/PerlMonksFlairApp.pm l. 118
[13655] debug @0.603160> [hit #18]Set xp in /home/gideon/PerlMonksFlairApp/lib/PerlMonksFlairApp.pm l. 89
[13655] debug @0.603615> [hit #18]set lvl in /home/gideon/PerlMonksFlairApp/lib/PerlMonksFlairApp.pm l. 95
[13655] debug @0.603869> [hit #18]set witeups in /home/gideon/PerlMonksFlairApp/lib/PerlMonksFlairApp.pm l. 101
[13655] debug @0.609453> [hit #18]gideondsouza => Xp: 433
 74 level = Monk (7) L =7 in /home/gideon/PerlMonksFlairApp/lib/PerlMonksFlairApp.pm l. 108
[13655] debug @0.610741> [hit #18]color is: 0 in /home/gideon/PerlMonksFlairApp/lib/PerlMonksFlairApp.pm l. 118
[13656] debug @0.580438> [hit #11]Set xp in /home/gideon/PerlMonksFlairApp/lib/PerlMonksFlairApp.pm l. 89
[13656] debug @0.580813> [hit #11]set lvl in /home/gideon/PerlMonksFlairApp/lib/PerlMonksFlairApp.pm l. 95
[13656] debug @0.581060> [hit #11]set witeups in /home/gideon/PerlMonksFlairApp/lib/PerlMonksFlairApp.pm l. 101
[13656] debug @0.586324> [hit #11]soonix => Xp: 720
 42 level = Pilgrim (8) L =8 in /home/gideon/PerlMonksFlairApp/lib/PerlMonksFlairApp.pm l. 108
[13656] debug @0.588259> [hit #11]color is: 0 in /home/gideon/PerlMonksFlairApp/lib/PerlMonksFlairApp.pm l. 118
[13654] debug @0.565599> [hit #13]Set xp in /home/gideon/PerlMonksFlairApp/lib/PerlMonksFlairApp.pm l. 89
[13654] debug @0.566002> [hit #13]set lvl in /home/gideon/PerlMonksFlairApp/lib/PerlMonksFlairApp.pm l. 95
[13654] debug @0.566265> [hit #13]set witeups in /home/gideon/PerlMonksFlairApp/lib/PerlMonksFlairApp.pm l. 101
[13654] debug @0.579468> [hit #13]MidLifeXis => Xp: 9836
 1197 level = Prior (17) L =11 in /home/gideon/PerlMonksFlairApp/lib/PerlMonksFlairApp.pm l. 108
[13654] debug @0.581384> [hit #13]color is: 0 in /home/gideon/PerlMonksFlairApp/lib/PerlMonksFlairApp.pm l. 118
[13656] debug @0.601309> [hit #12]Set xp in /home/gideon/PerlMonksFlairApp/lib/PerlMonksFlairApp.pm l. 89
[13656] debug @0.601665> [hit #12]set lvl in /home/gideon/PerlMonksFlairApp/lib/PerlMonksFlairApp.pm l. 95
[13656] debug @0.601955> [hit #12]set witeups in /home/gideon/PerlMonksFlairApp/lib/PerlMonksFlairApp.pm l. 101
[13656] debug @0.610712> [hit #12]MidLifeXis => Xp: 9836
 1197 level = Prior (17) L =11 in /home/gideon/PerlMonksFlairApp/lib/PerlMonksFlairApp.pm l. 108
[13656] debug @0.611624> [hit #12]color is: 0 in /home/gideon/PerlMonksFlairApp/lib/PerlMonksFlairApp.pm l. 118
[13658] debug @0.972666> [hit #16]Set xp in /home/gideon/PerlMonksFlairApp/lib/PerlMonksFlairApp.pm l. 89
[13658] debug @0.973151> [hit #16]set lvl in /home/gideon/PerlMonksFlairApp/lib/PerlMonksFlairApp.pm l. 95
[13658] debug @0.973415> [hit #16]set witeups in /home/gideon/PerlMonksFlairApp/lib/PerlMonksFlairApp.pm l. 101
[13658] debug @0.981427> [hit #16]MidLifeXis => Xp: 9836
 1197 level = Prior (17) L =11 in /home/gideon/PerlMonksFlairApp/lib/PerlMonksFlairApp.pm l. 108
[13658] debug @0.985357> [hit #16]color is: 0 in /home/gideon/PerlMonksFlairApp/lib/PerlMonksFlairApp.pm l. 118
[13657] debug @0.539307> [hit #15]Set xp in /home/gideon/PerlMonksFlairApp/lib/PerlMonksFlairApp.pm l. 89
[13657] debug @0.540016> [hit #15]set lvl in /home/gideon/PerlMonksFlairApp/lib/PerlMonksFlairApp.pm l. 95
[13657] debug @0.540508> [hit #15]set witeups in /home/gideon/PerlMonksFlairApp/lib/PerlMonksFlairApp.pm l. 101
[13657] debug @0.548056> [hit #15]moesplace => Xp: 3
 3 level = Initiate (1) L =1 in /home/gideon/PerlMonksFlairApp/lib/PerlMonksFlairApp.pm l. 108
[13657] debug @0.549056> [hit #15]color is: 0 in /home/gideon/PerlMonksFlairApp/lib/PerlMonksFlairApp.pm l. 118
[13655] debug @0.544269> [hit #21]Set xp in /home/gideon/PerlMonksFlairApp/lib/PerlMonksFlairApp.pm l. 89
[13655] debug @0.544880> [hit #21]set lvl in /home/gideon/PerlMonksFlairApp/lib/PerlMonksFlairApp.pm l. 95
[13655] debug @0.545346> [hit #21]set witeups in /home/gideon/PerlMonksFlairApp/lib/PerlMonksFlairApp.pm l. 101
[13655] debug @0.556850> [hit #21]Pete_I => Xp: 158
 8 level = Beadle (5) L =5 in /home/gideon/PerlMonksFlairApp/lib/PerlMonksFlairApp.pm l. 108
[13655] debug @0.558453> [hit #21]color is: 0 in /home/gideon/PerlMonksFlairApp/lib/PerlMonksFlairApp.pm l. 118
[13654] debug @0.594631> [hit #15]Set xp in /home/gideon/PerlMonksFlairApp/lib/PerlMonksFlairApp.pm l. 89
[13654] debug @0.595108> [hit #15]set lvl in /home/gideon/PerlMonksFlairApp/lib/PerlMonksFlairApp.pm l. 95
[13654] debug @0.595567> [hit #15]set witeups in /home/gideon/PerlMonksFlairApp/lib/PerlMonksFlairApp.pm l. 101
[13654] debug @0.606963> [hit #15]MidLifeXis => Xp: 9836
 1197 level = Prior (17) L =11 in /home/gideon/PerlMonksFlairApp/lib/PerlMonksFlairApp.pm l. 108
[13654] debug @0.607905> [hit #15]color is: 0 in /home/gideon/PerlMonksFlairApp/lib/PerlMonksFlairApp.pm l. 118
[13656] debug @0.686907> [hit #13]Set xp in /home/gideon/PerlMonksFlairApp/lib/PerlMonksFlairApp.pm l. 89
[13656] debug @0.687473> [hit #13]set lvl in /home/gideon/PerlMonksFlairApp/lib/PerlMonksFlairApp.pm l. 95
[13656] debug @0.688014> [hit #13]set witeups in /home/gideon/PerlMonksFlairApp/lib/PerlMonksFlairApp.pm l. 101
[13656] debug @0.703148> [hit #13]MidLifeXis => Xp: 9836
 1197 level = Prior (17) L =11 in /home/gideon/PerlMonksFlairApp/lib/PerlMonksFlairApp.pm l. 108
[13656] debug @0.704070> [hit #13]color is: 0 in /home/gideon/PerlMonksFlairApp/lib/PerlMonksFlairApp.pm l. 118
[13658] debug @0.566478> [hit #17]Set xp in /home/gideon/PerlMonksFlairApp/lib/PerlMonksFlairApp.pm l. 89
[13658] debug @0.566845> [hit #17]set lvl in /home/gideon/PerlMonksFlairApp/lib/PerlMonksFlairApp.pm l. 95
[13658] debug @0.567102> [hit #17]set witeups in /home/gideon/PerlMonksFlairApp/lib/PerlMonksFlairApp.pm l. 101
[13658] debug @0.575351> [hit #17]MidLifeXis => Xp: 9836
 1197 level = Prior (17) L =11 in /home/gideon/PerlMonksFlairApp/lib/PerlMonksFlairApp.pm l. 108
[13658] debug @0.576353> [hit #17]color is: 0 in /home/gideon/PerlMonksFlairApp/lib/PerlMonksFlairApp.pm l. 118
[13657] debug @0.571602> [hit #17]Set xp in /home/gideon/PerlMonksFlairApp/lib/PerlMonksFlairApp.pm l. 89
[13657] debug @0.572161> [hit #17]set lvl in /home/gideon/PerlMonksFlairApp/lib/PerlMonksFlairApp.pm l. 95
[13657] debug @0.572707> [hit #17]set witeups in /home/gideon/PerlMonksFlairApp/lib/PerlMonksFlairApp.pm l. 101
[13657] debug @0.582516> [hit #17]MidLifeXis => Xp: 9836
 1197 level = Prior (17) L =11 in /home/gideon/PerlMonksFlairApp/lib/PerlMonksFlairApp.pm l. 108
[13657] debug @0.583457> [hit #17]color is: 0 in /home/gideon/PerlMonksFlairApp/lib/PerlMonksFlairApp.pm l. 118
[13655] debug @0.888240> [hit #22]Set xp in /home/gideon/PerlMonksFlairApp/lib/PerlMonksFlairApp.pm l. 89
[13655] debug @0.888574> [hit #22]set lvl in /home/gideon/PerlMonksFlairApp/lib/PerlMonksFlairApp.pm l. 95
[13655] debug @0.888831> [hit #22]set witeups in /home/gideon/PerlMonksFlairApp/lib/PerlMonksFlairApp.pm l. 101
[13655] debug @0.896891> [hit #22]MidLifeXis => Xp: 9836
 1197 level = Prior (17) L =11 in /home/gideon/PerlMonksFlairApp/lib/PerlMonksFlairApp.pm l. 108
[13655] debug @0.897817> [hit #22]color is: 0 in /home/gideon/PerlMonksFlairApp/lib/PerlMonksFlairApp.pm l. 118
[13656] debug @5.275973> [hit #14]Super Search => Xp: 0
 0 level =  L =linux in /home/gideon/PerlMonksFlairApp/lib/PerlMonksFlairApp.pm l. 108
[13656] error @5.276802> [hit #14]request to GET /Old_Gear_Bear.jpg crashed: Can't call method "trueColor" on an undefined value at /home/gideon/PerlMonksFlairApp/lib/PerlMonksFlairApp.pm line 115. in /usr/local/share/perl5/Dancer/Handler.pm l. 98
[13658] debug @0.576216> [hit #18]Set xp in /home/gideon/PerlMonksFlairApp/lib/PerlMonksFlairApp.pm l. 89
[13658] debug @0.576752> [hit #18]set lvl in /home/gideon/PerlMonksFlairApp/lib/PerlMonksFlairApp.pm l. 95
[13658] debug @0.577168> [hit #18]set witeups in /home/gideon/PerlMonksFlairApp/lib/PerlMonksFlairApp.pm l. 101
[13658] debug @0.587196> [hit #18]Old_Gray_Bear => Xp: 38583
 506 level = Chancellor (21) L =11 in /home/gideon/PerlMonksFlairApp/lib/PerlMonksFlairApp.pm l. 108
[13658] debug @0.588255> [hit #18]color is: 0 in /home/gideon/PerlMonksFlairApp/lib/PerlMonksFlairApp.pm l. 118
[13657] debug @0.663241> [hit #18]Set xp in /home/gideon/PerlMonksFlairApp/lib/PerlMonksFlairApp.pm l. 89
[13657] debug @0.663540> [hit #18]set lvl in /home/gideon/PerlMonksFlairApp/lib/PerlMonksFlairApp.pm l. 95
[13657] debug @0.663821> [hit #18]set witeups in /home/gideon/PerlMonksFlairApp/lib/PerlMonksFlairApp.pm l. 101
[13657] debug @0.669835> [hit #18]kevbot => Xp: 1095
 23 level = Friar (9) L =9 in /home/gideon/PerlMonksFlairApp/lib/PerlMonksFlairApp.pm l. 108
[13657] debug @0.670731> [hit #18]color is: 0 in /home/gideon/PerlMonksFlairApp/lib/PerlMonksFlairApp.pm l. 118
[13655] debug @1.105656> [hit #23]Set xp in /home/gideon/PerlMonksFlairApp/lib/PerlMonksFlairApp.pm l. 89
[13655] debug @1.105977> [hit #23]set lvl in /home/gideon/PerlMonksFlairApp/lib/PerlMonksFlairApp.pm l. 95
[13655] debug @1.106289> [hit #23]set witeups in /home/gideon/PerlMonksFlairApp/lib/PerlMonksFlairApp.pm l. 101
[13655] debug @1.112238> [hit #23]kevbot => Xp: 1095
 23 level = Friar (9) L =9 in /home/gideon/PerlMonksFlairApp/lib/PerlMonksFlairApp.pm l. 108
[13655] debug @1.113118> [hit #23]color is: 0 in /home/gideon/PerlMonksFlairApp/lib/PerlMonksFlairApp.pm l. 118
[13654] debug @0.575852> [hit #19]Set xp in /home/gideon/PerlMonksFlairApp/lib/PerlMonksFlairApp.pm l. 89
[13654] debug @0.576206> [hit #19]set lvl in /home/gideon/PerlMonksFlairApp/lib/PerlMonksFlairApp.pm l. 95
[13654] debug @0.576462> [hit #19]set witeups in /home/gideon/PerlMonksFlairApp/lib/PerlMonksFlairApp.pm l. 101
[13654] debug @0.583339> [hit #19]kevbot => Xp: 1096
 23 level = Friar (9) L =9 in /home/gideon/PerlMonksFlairApp/lib/PerlMonksFlairApp.pm l. 108
[13654] debug @0.584373> [hit #19]color is: 0 in /home/gideon/PerlMonksFlairApp/lib/PerlMonksFlairApp.pm l. 118
[13656] debug @0.604996> [hit #15]Set xp in /home/gideon/PerlMonksFlairApp/lib/PerlMonksFlairApp.pm l. 89
[13656] debug @0.605293> [hit #15]set lvl in /home/gideon/PerlMonksFlairApp/lib/PerlMonksFlairApp.pm l. 95
[13656] debug @0.605536> [hit #15]set witeups in /home/gideon/PerlMonksFlairApp/lib/PerlMonksFlairApp.pm l. 101
[13656] debug @0.611503> [hit #15]gideondsouza => Xp: 433
 74 level = Monk (7) L =7 in /home/gideon/PerlMonksFlairApp/lib/PerlMonksFlairApp.pm l. 108
[13656] debug @0.612371> [hit #15]color is: 0 in /home/gideon/PerlMonksFlairApp/lib/PerlMonksFlairApp.pm l. 118
[15538] debug @0.549537> [hit #1]Set xp in /home/gideon/PerlMonksFlairApp/lib/PerlMonksFlairApp.pm l. 89
[15538] debug @0.550157> [hit #1]set lvl in /home/gideon/PerlMonksFlairApp/lib/PerlMonksFlairApp.pm l. 95
[15538] debug @0.550651> [hit #1]set witeups in /home/gideon/PerlMonksFlairApp/lib/PerlMonksFlairApp.pm l. 101
[15538] debug @0.559002> [hit #1]gideondsouza => Xp: 433
 74 level = Monk (7) L =7 in /home/gideon/PerlMonksFlairApp/lib/PerlMonksFlairApp.pm l. 108
[15538] debug @0.562433> [hit #1]color is: 0 in /home/gideon/PerlMonksFlairApp/lib/PerlMonksFlairApp.pm l. 118
[15550] debug @0.635712> [hit #2]Set xp in /home/gideon/PerlMonksFlairApp/lib/PerlMonksFlairApp.pm l. 89
[15550] debug @0.636106> [hit #2]set lvl in /home/gideon/PerlMonksFlairApp/lib/PerlMonksFlairApp.pm l. 95
[15550] debug @0.636354> [hit #2]set witeups in /home/gideon/PerlMonksFlairApp/lib/PerlMonksFlairApp.pm l. 101
[15550] debug @0.642159> [hit #2]gideondsouza => Xp: 433
 74 level = Monk (7) L =7 in /home/gideon/PerlMonksFlairApp/lib/PerlMonksFlairApp.pm l. 108
[15550] debug @0.645622> [hit #2]color is: 0 in /home/gideon/PerlMonksFlairApp/lib/PerlMonksFlairApp.pm l. 118
[15549] debug @0.539421> [hit #6]Set xp in /home/gideon/PerlMonksFlairApp/lib/PerlMonksFlairApp.pm l. 89
[15549] debug @0.539773> [hit #6]set lvl in /home/gideon/PerlMonksFlairApp/lib/PerlMonksFlairApp.pm l. 95
[15549] debug @0.540061> [hit #6]set witeups in /home/gideon/PerlMonksFlairApp/lib/PerlMonksFlairApp.pm l. 101
[15549] debug @0.545738> [hit #6]gideondsouza => Xp: 433
 74 level = Monk (7) L =7 in /home/gideon/PerlMonksFlairApp/lib/PerlMonksFlairApp.pm l. 108
[15549] debug @0.549278> [hit #6]color is: 0 in /home/gideon/PerlMonksFlairApp/lib/PerlMonksFlairApp.pm l. 118
[15551] debug @0.569969> [hit #2]Set xp in /home/gideon/PerlMonksFlairApp/lib/PerlMonksFlairApp.pm l. 89
[15551] debug @0.570574> [hit #2]set lvl in /home/gideon/PerlMonksFlairApp/lib/PerlMonksFlairApp.pm l. 95
[15551] debug @0.571016> [hit #2]set witeups in /home/gideon/PerlMonksFlairApp/lib/PerlMonksFlairApp.pm l. 101
[15551] debug @0.580145> [hit #2]gideondsouza => Xp: 433
 74 level = Monk (7) L =7 in /home/gideon/PerlMonksFlairApp/lib/PerlMonksFlairApp.pm l. 108
[15551] debug @0.583483> [hit #2]color is: 0 in /home/gideon/PerlMonksFlairApp/lib/PerlMonksFlairApp.pm l. 118
[15548] debug @0.589595> [hit #5]Set xp in /home/gideon/PerlMonksFlairApp/lib/PerlMonksFlairApp.pm l. 89
[15548] debug @0.589934> [hit #5]set lvl in /home/gideon/PerlMonksFlairApp/lib/PerlMonksFlairApp.pm l. 95
[15548] debug @0.590183> [hit #5]set witeups in /home/gideon/PerlMonksFlairApp/lib/PerlMonksFlairApp.pm l. 101
[15548] debug @0.595996> [hit #5]gideondsouza => Xp: 433
 74 level = Monk (7) L =7 in /home/gideon/PerlMonksFlairApp/lib/PerlMonksFlairApp.pm l. 108
[15548] debug @0.599570> [hit #5]color is: 0 in /home/gideon/PerlMonksFlairApp/lib/PerlMonksFlairApp.pm l. 118
[15552] debug @0.563673> [hit #5]Set xp in /home/gideon/PerlMonksFlairApp/lib/PerlMonksFlairApp.pm l. 89
[15552] debug @0.563987> [hit #5]set lvl in /home/gideon/PerlMonksFlairApp/lib/PerlMonksFlairApp.pm l. 95
[15552] debug @0.564279> [hit #5]set witeups in /home/gideon/PerlMonksFlairApp/lib/PerlMonksFlairApp.pm l. 101
[15552] debug @0.569959> [hit #5]gideondsouza => Xp: 433
 74 level = Monk (7) L =7 in /home/gideon/PerlMonksFlairApp/lib/PerlMonksFlairApp.pm l. 108
[15552] debug @0.573552> [hit #5]color is: 0 in /home/gideon/PerlMonksFlairApp/lib/PerlMonksFlairApp.pm l. 118
[15550] debug @0.521389> [hit #3]Set xp in /home/gideon/PerlMonksFlairApp/lib/PerlMonksFlairApp.pm l. 89
[15550] debug @0.521894> [hit #3]set lvl in /home/gideon/PerlMonksFlairApp/lib/PerlMonksFlairApp.pm l. 95
[15550] debug @0.522378> [hit #3]set witeups in /home/gideon/PerlMonksFlairApp/lib/PerlMonksFlairApp.pm l. 101
[15550] debug @0.531613> [hit #3]gideondsouza => Xp: 433
 74 level = Monk (7) L =7 in /home/gideon/PerlMonksFlairApp/lib/PerlMonksFlairApp.pm l. 108
[15550] debug @0.532489> [hit #3]color is: 0 in /home/gideon/PerlMonksFlairApp/lib/PerlMonksFlairApp.pm l. 118
[15549] debug @0.480788> [hit #7]Set xp in /home/gideon/PerlMonksFlairApp/lib/PerlMonksFlairApp.pm l. 89
[15549] debug @0.481115> [hit #7]set lvl in /home/gideon/PerlMonksFlairApp/lib/PerlMonksFlairApp.pm l. 95
[15549] debug @0.481386> [hit #7]set witeups in /home/gideon/PerlMonksFlairApp/lib/PerlMonksFlairApp.pm l. 101
[15549] debug @0.487396> [hit #7]gideondsouza => Xp: 433
 74 level = Monk (7) L =7 in /home/gideon/PerlMonksFlairApp/lib/PerlMonksFlairApp.pm l. 108
[15549] debug @0.488249> [hit #7]color is: 0 in /home/gideon/PerlMonksFlairApp/lib/PerlMonksFlairApp.pm l. 118
[15551] debug @0.475551> [hit #3]Set xp in /home/gideon/PerlMonksFlairApp/lib/PerlMonksFlairApp.pm l. 89
[15551] debug @0.475878> [hit #3]set lvl in /home/gideon/PerlMonksFlairApp/lib/PerlMonksFlairApp.pm l. 95
[15551] debug @0.476153> [hit #3]set witeups in /home/gideon/PerlMonksFlairApp/lib/PerlMonksFlairApp.pm l. 101
[15551] debug @0.482111> [hit #3]gideondsouza => Xp: 433
 74 level = Monk (7) L =7 in /home/gideon/PerlMonksFlairApp/lib/PerlMonksFlairApp.pm l. 108
[15551] debug @0.483025> [hit #3]color is: 0 in /home/gideon/PerlMonksFlairApp/lib/PerlMonksFlairApp.pm l. 118
[15548] debug @0.543984> [hit #6]Set xp in /home/gideon/PerlMonksFlairApp/lib/PerlMonksFlairApp.pm l. 89
[15548] debug @0.544294> [hit #6]set lvl in /home/gideon/PerlMonksFlairApp/lib/PerlMonksFlairApp.pm l. 95
[15548] debug @0.544570> [hit #6]set witeups in /home/gideon/PerlMonksFlairApp/lib/PerlMonksFlairApp.pm l. 101
[15548] debug @0.550294> [hit #6]gideondsouza => Xp: 433
 74 level = Monk (7) L =7 in /home/gideon/PerlMonksFlairApp/lib/PerlMonksFlairApp.pm l. 108
[15548] debug @0.551229> [hit #6]color is: 0 in /home/gideon/PerlMonksFlairApp/lib/PerlMonksFlairApp.pm l. 118
[15552] debug @0.486035> [hit #6]Set xp in /home/gideon/PerlMonksFlairApp/lib/PerlMonksFlairApp.pm l. 89
[15552] debug @0.486382> [hit #6]set lvl in /home/gideon/PerlMonksFlairApp/lib/PerlMonksFlairApp.pm l. 95
[15552] debug @0.486640> [hit #6]set witeups in /home/gideon/PerlMonksFlairApp/lib/PerlMonksFlairApp.pm l. 101
[15552] debug @0.492262> [hit #6]gideondsouza => Xp: 433
 74 level = Monk (7) L =7 in /home/gideon/PerlMonksFlairApp/lib/PerlMonksFlairApp.pm l. 108
[15552] debug @0.493099> [hit #6]color is: 0 in /home/gideon/PerlMonksFlairApp/lib/PerlMonksFlairApp.pm l. 118
[15550] debug @0.500912> [hit #4]Set xp in /home/gideon/PerlMonksFlairApp/lib/PerlMonksFlairApp.pm l. 89
[15550] debug @0.504272> [hit #4]set lvl in /home/gideon/PerlMonksFlairApp/lib/PerlMonksFlairApp.pm l. 95
[15550] debug @0.504547> [hit #4]set witeups in /home/gideon/PerlMonksFlairApp/lib/PerlMonksFlairApp.pm l. 101
[15550] debug @0.517051> [hit #4]gideondsouza => Xp: 433
 74 level = Monk (7) L =7 in /home/gideon/PerlMonksFlairApp/lib/PerlMonksFlairApp.pm l. 108
[15550] debug @0.518069> [hit #4]color is: 0 in /home/gideon/PerlMonksFlairApp/lib/PerlMonksFlairApp.pm l. 118
[15549] debug @0.494906> [hit #8]Set xp in /home/gideon/PerlMonksFlairApp/lib/PerlMonksFlairApp.pm l. 89
[15549] debug @0.495413> [hit #8]set lvl in /home/gideon/PerlMonksFlairApp/lib/PerlMonksFlairApp.pm l. 95
[15549] debug @0.495936> [hit #8]set witeups in /home/gideon/PerlMonksFlairApp/lib/PerlMonksFlairApp.pm l. 101
[15549] debug @0.504807> [hit #8]gideondsouza => Xp: 433
 74 level = Monk (7) L =7 in /home/gideon/PerlMonksFlairApp/lib/PerlMonksFlairApp.pm l. 108
[15549] debug @0.505651> [hit #8]color is: 0 in /home/gideon/PerlMonksFlairApp/lib/PerlMonksFlairApp.pm l. 118
[15551] debug @0.538995> [hit #4]Set xp in /home/gideon/PerlMonksFlairApp/lib/PerlMonksFlairApp.pm l. 89
[15551] debug @0.539527> [hit #4]set lvl in /home/gideon/PerlMonksFlairApp/lib/PerlMonksFlairApp.pm l. 95
[15551] debug @0.539932> [hit #4]set witeups in /home/gideon/PerlMonksFlairApp/lib/PerlMonksFlairApp.pm l. 101
[15551] debug @0.547268> [hit #4]gideondsouza => Xp: 433
 74 level = Monk (7) L =7 in /home/gideon/PerlMonksFlairApp/lib/PerlMonksFlairApp.pm l. 108
[15551] debug @0.548101> [hit #4]color is: 0 in /home/gideon/PerlMonksFlairApp/lib/PerlMonksFlairApp.pm l. 118
[15548] debug @0.527118> [hit #7]Set xp in /home/gideon/PerlMonksFlairApp/lib/PerlMonksFlairApp.pm l. 89
[15548] debug @0.527551> [hit #7]set lvl in /home/gideon/PerlMonksFlairApp/lib/PerlMonksFlairApp.pm l. 95
[15548] debug @0.527897> [hit #7]set witeups in /home/gideon/PerlMonksFlairApp/lib/PerlMonksFlairApp.pm l. 101
[15548] debug @0.535449> [hit #7]gideondsouza => Xp: 433
 74 level = Monk (7) L =7 in /home/gideon/PerlMonksFlairApp/lib/PerlMonksFlairApp.pm l. 108
[15548] debug @0.536632> [hit #7]color is: 0 in /home/gideon/PerlMonksFlairApp/lib/PerlMonksFlairApp.pm l. 118
[15552] debug @0.602515> [hit #7]Set xp in /home/gideon/PerlMonksFlairApp/lib/PerlMonksFlairApp.pm l. 89
[15552] debug @0.602952> [hit #7]set lvl in /home/gideon/PerlMonksFlairApp/lib/PerlMonksFlairApp.pm l. 95
[15552] debug @0.603301> [hit #7]set witeups in /home/gideon/PerlMonksFlairApp/lib/PerlMonksFlairApp.pm l. 101
[15552] debug @0.611106> [hit #7]gideondsouza => Xp: 433
 74 level = Monk (7) L =7 in /home/gideon/PerlMonksFlairApp/lib/PerlMonksFlairApp.pm l. 108
[15552] debug @0.612068> [hit #7]color is: 0 in /home/gideon/PerlMonksFlairApp/lib/PerlMonksFlairApp.pm l. 118
[15550] debug @0.726156> [hit #5]Set xp in /home/gideon/PerlMonksFlairApp/lib/PerlMonksFlairApp.pm l. 89
[15550] debug @0.726451> [hit #5]set lvl in /home/gideon/PerlMonksFlairApp/lib/PerlMonksFlairApp.pm l. 95
[15550] debug @0.726695> [hit #5]set witeups in /home/gideon/PerlMonksFlairApp/lib/PerlMonksFlairApp.pm l. 101
[15550] debug @0.739539> [hit #5]davido => Xp: 46234
 3957 level = Bishop (22) L =22 in /home/gideon/PerlMonksFlairApp/lib/PerlMonksFlairApp.pm l. 108
[15550] debug @0.740446> [hit #5]color is: 0 in /home/gideon/PerlMonksFlairApp/lib/PerlMonksFlairApp.pm l. 118
[15549] debug @0.584954> [hit #9]Set xp in /home/gideon/PerlMonksFlairApp/lib/PerlMonksFlairApp.pm l. 89
[15549] debug @0.585261> [hit #9]set lvl in /home/gideon/PerlMonksFlairApp/lib/PerlMonksFlairApp.pm l. 95
[15549] debug @0.585517> [hit #9]set witeups in /home/gideon/PerlMonksFlairApp/lib/PerlMonksFlairApp.pm l. 101
[15549] debug @0.593642> [hit #9]MidLifeXis => Xp: 9836
 1197 level = Prior (17) L =17 in /home/gideon/PerlMonksFlairApp/lib/PerlMonksFlairApp.pm l. 108
[15549] debug @0.594491> [hit #9]color is: 0 in /home/gideon/PerlMonksFlairApp/lib/PerlMonksFlairApp.pm l. 118
[15551] debug @0.521572> [hit #5]Set xp in /home/gideon/PerlMonksFlairApp/lib/PerlMonksFlairApp.pm l. 89
[15551] debug @0.521920> [hit #5]set lvl in /home/gideon/PerlMonksFlairApp/lib/PerlMonksFlairApp.pm l. 95
[15551] debug @0.522193> [hit #5]set witeups in /home/gideon/PerlMonksFlairApp/lib/PerlMonksFlairApp.pm l. 101
[15551] debug @0.527882> [hit #5]gideondsouza => Xp: 433
 74 level = Monk (7) L =7 in /home/gideon/PerlMonksFlairApp/lib/PerlMonksFlairApp.pm l. 108
[15551] debug @0.528762> [hit #5]color is: 0 in /home/gideon/PerlMonksFlairApp/lib/PerlMonksFlairApp.pm l. 118
[16408] debug @1.075151> [hit #1]Set xp in /home/gideon/PerlMonksFlairApp/lib/PerlMonksFlairApp.pm l. 89
[16408] debug @1.075512> [hit #1]set lvl in /home/gideon/PerlMonksFlairApp/lib/PerlMonksFlairApp.pm l. 95
[16408] debug @1.075764> [hit #1]set witeups in /home/gideon/PerlMonksFlairApp/lib/PerlMonksFlairApp.pm l. 101
[16408] debug @1.081880> [hit #1]gideondsouza => Xp: 433
 74 level = Monk (7) L =7 in /home/gideon/PerlMonksFlairApp/lib/PerlMonksFlairApp.pm l. 108
[16408] debug @1.085416> [hit #1]color is: 0 in /home/gideon/PerlMonksFlairApp/lib/PerlMonksFlairApp.pm l. 118
[16410] debug @0.592996> [hit #1]Set xp in /home/gideon/PerlMonksFlairApp/lib/PerlMonksFlairApp.pm l. 89
[16410] debug @0.593310> [hit #1]set lvl in /home/gideon/PerlMonksFlairApp/lib/PerlMonksFlairApp.pm l. 95
[16410] debug @0.593556> [hit #1]set witeups in /home/gideon/PerlMonksFlairApp/lib/PerlMonksFlairApp.pm l. 101
[16410] debug @0.599461> [hit #1]gideondsouza => Xp: 433
 74 level = Monk (7) L =7 in /home/gideon/PerlMonksFlairApp/lib/PerlMonksFlairApp.pm l. 108
[16410] debug @0.603026> [hit #1]color is: 0 in /home/gideon/PerlMonksFlairApp/lib/PerlMonksFlairApp.pm l. 118
[16411] debug @0.601327> [hit #1]Set xp in /home/gideon/PerlMonksFlairApp/lib/PerlMonksFlairApp.pm l. 89
[16411] debug @0.601876> [hit #1]set lvl in /home/gideon/PerlMonksFlairApp/lib/PerlMonksFlairApp.pm l. 95
[16411] debug @0.602134> [hit #1]set witeups in /home/gideon/PerlMonksFlairApp/lib/PerlMonksFlairApp.pm l. 101
[16411] debug @0.610652> [hit #1]MidLifeXis => Xp: 9836
 1197 level = Prior (17) L =17 in /home/gideon/PerlMonksFlairApp/lib/PerlMonksFlairApp.pm l. 108
[16411] debug @0.614227> [hit #1]color is: 0 in /home/gideon/PerlMonksFlairApp/lib/PerlMonksFlairApp.pm l. 118
[16409] debug @0.660791> [hit #1]Set xp in /home/gideon/PerlMonksFlairApp/lib/PerlMonksFlairApp.pm l. 89
[16409] debug @0.661124> [hit #1]set lvl in /home/gideon/PerlMonksFlairApp/lib/PerlMonksFlairApp.pm l. 95
[16409] debug @0.661382> [hit #1]set witeups in /home/gideon/PerlMonksFlairApp/lib/PerlMonksFlairApp.pm l. 101
[16409] debug @0.669168> [hit #1]Lady_Aleena => Xp: 2156
 252 level = Chaplain (11) L =11 in /home/gideon/PerlMonksFlairApp/lib/PerlMonksFlairApp.pm l. 108
[16409] debug @0.672725> [hit #1]color is: 0 in /home/gideon/PerlMonksFlairApp/lib/PerlMonksFlairApp.pm l. 118
[16407] debug @0.698409> [hit #1]Set xp in /home/gideon/PerlMonksFlairApp/lib/PerlMonksFlairApp.pm l. 89
[16407] debug @0.698808> [hit #1]set lvl in /home/gideon/PerlMonksFlairApp/lib/PerlMonksFlairApp.pm l. 95
[16407] debug @0.699061> [hit #1]set witeups in /home/gideon/PerlMonksFlairApp/lib/PerlMonksFlairApp.pm l. 101
[16407] debug @0.704712> [hit #1]poj => Xp: 2944
 314 level = Deacon (12) L =12 in /home/gideon/PerlMonksFlairApp/lib/PerlMonksFlairApp.pm l. 108
[16407] debug @0.708144> [hit #1]color is: 97 in /home/gideon/PerlMonksFlairApp/lib/PerlMonksFlairApp.pm l. 118
[16534] debug @5.665067> [hit #1]Set xp in /home/gideon/PerlMonksFlairApp/lib/PerlMonksFlairApp.pm l. 90
[16534] debug @5.665440> [hit #1]set lvl in /home/gideon/PerlMonksFlairApp/lib/PerlMonksFlairApp.pm l. 96
[16534] debug @5.665686> [hit #1]set witeups in /home/gideon/PerlMonksFlairApp/lib/PerlMonksFlairApp.pm l. 102
[16534] debug @5.678707> [hit #1]davido => Xp: 46235
 3958 level = Bishop (22) L =22 in /home/gideon/PerlMonksFlairApp/lib/PerlMonksFlairApp.pm l. 109
[16534] debug @5.682246> [hit #1]color is: 0 in /home/gideon/PerlMonksFlairApp/lib/PerlMonksFlairApp.pm l. 119
[16535] debug @0.744511> [hit #1]Set xp in /home/gideon/PerlMonksFlairApp/lib/PerlMonksFlairApp.pm l. 90
[16535] debug @0.744862> [hit #1]set lvl in /home/gideon/PerlMonksFlairApp/lib/PerlMonksFlairApp.pm l. 96
[16535] debug @0.745118> [hit #1]set witeups in /home/gideon/PerlMonksFlairApp/lib/PerlMonksFlairApp.pm l. 102
[16535] debug @0.750833> [hit #1]Laurent_R => Xp: 1353
 280 level = Hermit (10) L =10 in /home/gideon/PerlMonksFlairApp/lib/PerlMonksFlairApp.pm l. 109
[16535] debug @0.754293> [hit #1]color is: 0 in /home/gideon/PerlMonksFlairApp/lib/PerlMonksFlairApp.pm l. 119
[16536] debug @0.782599> [hit #1]Set xp in /home/gideon/PerlMonksFlairApp/lib/PerlMonksFlairApp.pm l. 90
[16536] debug @0.782894> [hit #1]set lvl in /home/gideon/PerlMonksFlairApp/lib/PerlMonksFlairApp.pm l. 96
[16536] debug @0.783111> [hit #1]set witeups in /home/gideon/PerlMonksFlairApp/lib/PerlMonksFlairApp.pm l. 102
[16536] debug @0.788286> [hit #1]BillKSmith => Xp: 1399
 215 level = Hermit (10) L =10 in /home/gideon/PerlMonksFlairApp/lib/PerlMonksFlairApp.pm l. 109
[16536] debug @0.791435> [hit #1]color is: 0 in /home/gideon/PerlMonksFlairApp/lib/PerlMonksFlairApp.pm l. 119
[16538] debug @0.619720> [hit #1]Set xp in /home/gideon/PerlMonksFlairApp/lib/PerlMonksFlairApp.pm l. 90
[16538] debug @0.620088> [hit #1]set lvl in /home/gideon/PerlMonksFlairApp/lib/PerlMonksFlairApp.pm l. 96
[16538] debug @0.620347> [hit #1]set witeups in /home/gideon/PerlMonksFlairApp/lib/PerlMonksFlairApp.pm l. 102
[16538] debug @0.627593> [hit #1]flexvault => Xp: 6262
 409 level = Vicar (15) L =15 in /home/gideon/PerlMonksFlairApp/lib/PerlMonksFlairApp.pm l. 109
[16538] debug @0.631276> [hit #1]color is: 0 in /home/gideon/PerlMonksFlairApp/lib/PerlMonksFlairApp.pm l. 119
[16537] debug @0.928798> [hit #1]Set xp in /home/gideon/PerlMonksFlairApp/lib/PerlMonksFlairApp.pm l. 90
[16537] debug @0.929131> [hit #1]set lvl in /home/gideon/PerlMonksFlairApp/lib/PerlMonksFlairApp.pm l. 96
[16537] debug @0.929410> [hit #1]set witeups in /home/gideon/PerlMonksFlairApp/lib/PerlMonksFlairApp.pm l. 102
[16537] debug @0.936735> [hit #1]Corion => Xp: 102533
 8028 level = Pope (28) L =28 in /home/gideon/PerlMonksFlairApp/lib/PerlMonksFlairApp.pm l. 109
[16537] debug @0.940536> [hit #1]color is: 0 in /home/gideon/PerlMonksFlairApp/lib/PerlMonksFlairApp.pm l. 119
[16538] debug @0.541977> [hit #5]Set xp in /home/gideon/PerlMonksFlairApp/lib/PerlMonksFlairApp.pm l. 90
[16538] debug @0.542325> [hit #5]set lvl in /home/gideon/PerlMonksFlairApp/lib/PerlMonksFlairApp.pm l. 96
[16538] debug @0.542679> [hit #5]set witeups in /home/gideon/PerlMonksFlairApp/lib/PerlMonksFlairApp.pm l. 102
[16538] debug @0.548939> [hit #5]gideondsouza => Xp: 435
 74 level = Monk (7) L =7 in /home/gideon/PerlMonksFlairApp/lib/PerlMonksFlairApp.pm l. 109
[16538] debug @0.550996> [hit #5]color is: 0 in /home/gideon/PerlMonksFlairApp/lib/PerlMonksFlairApp.pm l. 119
[16535] debug @0.586782> [hit #5]Set xp in /home/gideon/PerlMonksFlairApp/lib/PerlMonksFlairApp.pm l. 90
[16535] debug @0.587186> [hit #5]set lvl in /home/gideon/PerlMonksFlairApp/lib/PerlMonksFlairApp.pm l. 96
[16535] debug @0.587445> [hit #5]set witeups in /home/gideon/PerlMonksFlairApp/lib/PerlMonksFlairApp.pm l. 102
[16535] debug @0.596196> [hit #5]MidLifeXis => Xp: 9836
 1197 level = Prior (17) L =17 in /home/gideon/PerlMonksFlairApp/lib/PerlMonksFlairApp.pm l. 109
[16535] debug @0.597252> [hit #5]color is: 0 in /home/gideon/PerlMonksFlairApp/lib/PerlMonksFlairApp.pm l. 119
[16538] debug @0.589335> [hit #6]Set xp in /home/gideon/PerlMonksFlairApp/lib/PerlMonksFlairApp.pm l. 90
[16538] debug @0.589863> [hit #6]set lvl in /home/gideon/PerlMonksFlairApp/lib/PerlMonksFlairApp.pm l. 96
[16538] debug @0.590395> [hit #6]set witeups in /home/gideon/PerlMonksFlairApp/lib/PerlMonksFlairApp.pm l. 102
[16538] debug @0.599373> [hit #6]Old_Gray_Bear => Xp: 38611
 507 level = Chancellor (21) L =21 in /home/gideon/PerlMonksFlairApp/lib/PerlMonksFlairApp.pm l. 109
[16538] debug @0.600268> [hit #6]color is: 0 in /home/gideon/PerlMonksFlairApp/lib/PerlMonksFlairApp.pm l. 119
[16537] debug @0.519720> [hit #5]Set xp in /home/gideon/PerlMonksFlairApp/lib/PerlMonksFlairApp.pm l. 90
[16537] debug @0.520088> [hit #5]set lvl in /home/gideon/PerlMonksFlairApp/lib/PerlMonksFlairApp.pm l. 96
[16537] debug @0.520339> [hit #5]set witeups in /home/gideon/PerlMonksFlairApp/lib/PerlMonksFlairApp.pm l. 102
[16537] debug @0.525834> [hit #5]2teez => Xp: 2998
 420 level = Deacon (12) L =12 in /home/gideon/PerlMonksFlairApp/lib/PerlMonksFlairApp.pm l. 109
[16537] debug @0.526756> [hit #5]color is: 0 in /home/gideon/PerlMonksFlairApp/lib/PerlMonksFlairApp.pm l. 119
[16534] debug @0.602346> [hit #7]Set xp in /home/gideon/PerlMonksFlairApp/lib/PerlMonksFlairApp.pm l. 90
[16534] debug @0.602720> [hit #7]set lvl in /home/gideon/PerlMonksFlairApp/lib/PerlMonksFlairApp.pm l. 96
[16534] debug @0.602979> [hit #7]set witeups in /home/gideon/PerlMonksFlairApp/lib/PerlMonksFlairApp.pm l. 102
[16534] debug @0.610299> [hit #7]Voronich => Xp: 1385
 109 level = Hermit (10) L =10 in /home/gideon/PerlMonksFlairApp/lib/PerlMonksFlairApp.pm l. 109
[16534] debug @0.611313> [hit #7]color is: 0 in /home/gideon/PerlMonksFlairApp/lib/PerlMonksFlairApp.pm l. 119
[16535] debug @0.758439> [hit #6]Set xp in /home/gideon/PerlMonksFlairApp/lib/PerlMonksFlairApp.pm l. 90
[16535] debug @0.758950> [hit #6]set lvl in /home/gideon/PerlMonksFlairApp/lib/PerlMonksFlairApp.pm l. 96
[16535] debug @0.759381> [hit #6]set witeups in /home/gideon/PerlMonksFlairApp/lib/PerlMonksFlairApp.pm l. 102
[16535] debug @0.767655> [hit #6]Loops => Xp: 1359
 182 level = Hermit (10) L =10 in /home/gideon/PerlMonksFlairApp/lib/PerlMonksFlairApp.pm l. 109
[16535] debug @0.768505> [hit #6]color is: 0 in /home/gideon/PerlMonksFlairApp/lib/PerlMonksFlairApp.pm l. 119
[16536] debug @0.530320> [hit #6]Set xp in /home/gideon/PerlMonksFlairApp/lib/PerlMonksFlairApp.pm l. 90
[16536] debug @0.530699> [hit #6]set lvl in /home/gideon/PerlMonksFlairApp/lib/PerlMonksFlairApp.pm l. 96
[16536] debug @0.530952> [hit #6]set witeups in /home/gideon/PerlMonksFlairApp/lib/PerlMonksFlairApp.pm l. 102
[16536] debug @0.536941> [hit #6]vsespb => Xp: 893
 207 level = Pilgrim (8) L =8 in /home/gideon/PerlMonksFlairApp/lib/PerlMonksFlairApp.pm l. 109
[16536] debug @0.537952> [hit #6]color is: 0 in /home/gideon/PerlMonksFlairApp/lib/PerlMonksFlairApp.pm l. 119
[16535] debug @0.494500> [hit #7]Set xp in /home/gideon/PerlMonksFlairApp/lib/PerlMonksFlairApp.pm l. 90
[16535] debug @0.494793> [hit #7]set lvl in /home/gideon/PerlMonksFlairApp/lib/PerlMonksFlairApp.pm l. 96
[16535] debug @0.495073> [hit #7]set witeups in /home/gideon/PerlMonksFlairApp/lib/PerlMonksFlairApp.pm l. 102
[16535] debug @0.501663> [hit #7]tobyink => Xp: 13144
 1968 level = Monsignor (18) L =18 in /home/gideon/PerlMonksFlairApp/lib/PerlMonksFlairApp.pm l. 109
[16535] debug @0.502564> [hit #7]color is: 0 in /home/gideon/PerlMonksFlairApp/lib/PerlMonksFlairApp.pm l. 119
[16536] debug @0.525258> [hit #7]Set xp in /home/gideon/PerlMonksFlairApp/lib/PerlMonksFlairApp.pm l. 90
[16536] debug @0.525550> [hit #7]set lvl in /home/gideon/PerlMonksFlairApp/lib/PerlMonksFlairApp.pm l. 96
[16536] debug @0.525795> [hit #7]set witeups in /home/gideon/PerlMonksFlairApp/lib/PerlMonksFlairApp.pm l. 102
[16536] debug @0.532535> [hit #7]choroba => Xp: 12735
 2038 level = Monsignor (18) L =18 in /home/gideon/PerlMonksFlairApp/lib/PerlMonksFlairApp.pm l. 109
[16536] debug @0.533437> [hit #7]color is: 0 in /home/gideon/PerlMonksFlairApp/lib/PerlMonksFlairApp.pm l. 119
[16538] debug @0.640102> [hit #14]Set xp in /home/gideon/PerlMonksFlairApp/lib/PerlMonksFlairApp.pm l. 90
[16538] debug @0.647095> [hit #14]set lvl in /home/gideon/PerlMonksFlairApp/lib/PerlMonksFlairApp.pm l. 96
[16538] debug @0.647419> [hit #14]set witeups in /home/gideon/PerlMonksFlairApp/lib/PerlMonksFlairApp.pm l. 102
[16538] debug @0.653882> [hit #14]2teez => Xp: 2998
 420 level = Deacon (12) L =12 in /home/gideon/PerlMonksFlairApp/lib/PerlMonksFlairApp.pm l. 109
[16538] debug @0.654821> [hit #14]color is: 0 in /home/gideon/PerlMonksFlairApp/lib/PerlMonksFlairApp.pm l. 119
[16538] debug @0.829285> [hit #15]Set xp in /home/gideon/PerlMonksFlairApp/lib/PerlMonksFlairApp.pm l. 90
[16538] debug @0.829827> [hit #15]set lvl in /home/gideon/PerlMonksFlairApp/lib/PerlMonksFlairApp.pm l. 96
[16538] debug @0.830378> [hit #15]set witeups in /home/gideon/PerlMonksFlairApp/lib/PerlMonksFlairApp.pm l. 102
[16538] debug @0.838581> [hit #15]Ralesk => Xp: 503
 97 level = Monk (7) L =7 in /home/gideon/PerlMonksFlairApp/lib/PerlMonksFlairApp.pm l. 109
[16538] debug @0.839444> [hit #15]color is: 0 in /home/gideon/PerlMonksFlairApp/lib/PerlMonksFlairApp.pm l. 119
[16537] debug @0.600048> [hit #12]Set xp in /home/gideon/PerlMonksFlairApp/lib/PerlMonksFlairApp.pm l. 90
[16537] debug @0.600338> [hit #12]set lvl in /home/gideon/PerlMonksFlairApp/lib/PerlMonksFlairApp.pm l. 96
[16537] debug @0.600611> [hit #12]set witeups in /home/gideon/PerlMonksFlairApp/lib/PerlMonksFlairApp.pm l. 102
[16537] debug @0.606508> [hit #12]Loops => Xp: 1359
 182 level = Hermit (10) L =10 in /home/gideon/PerlMonksFlairApp/lib/PerlMonksFlairApp.pm l. 109
[16537] debug @0.607444> [hit #12]color is: 0 in /home/gideon/PerlMonksFlairApp/lib/PerlMonksFlairApp.pm l. 119
[16538] debug @0.653487> [hit #16]Set xp in /home/gideon/PerlMonksFlairApp/lib/PerlMonksFlairApp.pm l. 90
[16538] debug @0.653829> [hit #16]set lvl in /home/gideon/PerlMonksFlairApp/lib/PerlMonksFlairApp.pm l. 96
[16538] debug @0.654085> [hit #16]set witeups in /home/gideon/PerlMonksFlairApp/lib/PerlMonksFlairApp.pm l. 102
[16538] debug @0.660131> [hit #16]BrowserUk => Xp: 139250
 19581 level = Pope (28) L =28 in /home/gideon/PerlMonksFlairApp/lib/PerlMonksFlairApp.pm l. 109
[16538] debug @0.661061> [hit #16]color is: 0 in /home/gideon/PerlMonksFlairApp/lib/PerlMonksFlairApp.pm l. 119
[16538] debug @0.548260> [hit #17]Set xp in /home/gideon/PerlMonksFlairApp/lib/PerlMonksFlairApp.pm l. 90
[16538] debug @0.549675> [hit #17]set lvl in /home/gideon/PerlMonksFlairApp/lib/PerlMonksFlairApp.pm l. 96
[16538] debug @0.550046> [hit #17]set witeups in /home/gideon/PerlMonksFlairApp/lib/PerlMonksFlairApp.pm l. 102
[16538] debug @0.558632> [hit #17]poj => Xp: 2954
 316 level = Deacon (12) L =12 in /home/gideon/PerlMonksFlairApp/lib/PerlMonksFlairApp.pm l. 109
[16538] debug @0.559912> [hit #17]color is: 0 in /home/gideon/PerlMonksFlairApp/lib/PerlMonksFlairApp.pm l. 119
[16534] debug @0.668631> [hit #22]Set xp in /home/gideon/PerlMonksFlairApp/lib/PerlMonksFlairApp.pm l. 90
[16534] debug @0.669051> [hit #22]set lvl in /home/gideon/PerlMonksFlairApp/lib/PerlMonksFlairApp.pm l. 96
[16534] debug @0.669397> [hit #22]set witeups in /home/gideon/PerlMonksFlairApp/lib/PerlMonksFlairApp.pm l. 102
[16534] debug @0.678600> [hit #22]lotus => Xp: none earned
 none level = Initiate (1) L =1 in /home/gideon/PerlMonksFlairApp/lib/PerlMonksFlairApp.pm l. 109
[16534] debug @0.679917> [hit #22]color is: 0 in /home/gideon/PerlMonksFlairApp/lib/PerlMonksFlairApp.pm l. 119
[16536] debug @0.800647> [hit #12]Set xp in /home/gideon/PerlMonksFlairApp/lib/PerlMonksFlairApp.pm l. 90
[16536] debug @0.800917> [hit #12]set lvl in /home/gideon/PerlMonksFlairApp/lib/PerlMonksFlairApp.pm l. 96
[16536] debug @0.801166> [hit #12]set witeups in /home/gideon/PerlMonksFlairApp/lib/PerlMonksFlairApp.pm l. 102
[16536] debug @0.806803> [hit #12]merlyn => Xp: 70960
 6318 level = Sage (25) L =25 in /home/gideon/PerlMonksFlairApp/lib/PerlMonksFlairApp.pm l. 109
[16536] debug @0.807633> [hit #12]color is: 0 in /home/gideon/PerlMonksFlairApp/lib/PerlMonksFlairApp.pm l. 119
[16535] debug @5.637840> [hit #13]Super Search => Xp: 0
 0 level =  L =linux in /home/gideon/PerlMonksFlairApp/lib/PerlMonksFlairApp.pm l. 109
[16535] error @5.638501> [hit #13]request to GET /kott.jpg crashed: Can't call method "trueColor" on an undefined value at /home/gideon/PerlMonksFlairApp/lib/PerlMonksFlairApp.pm line 116. in /usr/local/share/perl5/Dancer/Handler.pm l. 98
[16538] debug @8.518585> [hit #18]Super Search => Xp: 0
 0 level =  L =linux in /home/gideon/PerlMonksFlairApp/lib/PerlMonksFlairApp.pm l. 109
[16538] error @8.519215> [hit #18]request to GET /kotts.jpg crashed: Can't call method "trueColor" on an undefined value at /home/gideon/PerlMonksFlairApp/lib/PerlMonksFlairApp.pm line 116. in /usr/local/share/perl5/Dancer/Handler.pm l. 98
[16536] debug @0.597930> [hit #13]Set xp in /home/gideon/PerlMonksFlairApp/lib/PerlMonksFlairApp.pm l. 90
[16536] debug @0.598501> [hit #13]set lvl in /home/gideon/PerlMonksFlairApp/lib/PerlMonksFlairApp.pm l. 96
[16536] debug @0.598975> [hit #13]set witeups in /home/gideon/PerlMonksFlairApp/lib/PerlMonksFlairApp.pm l. 102
[16536] debug @0.610632> [hit #13]rnewsham => Xp: 575
 42 level = Monk (7) L =7 in /home/gideon/PerlMonksFlairApp/lib/PerlMonksFlairApp.pm l. 109
[16536] debug @0.612185> [hit #13]color is: 0 in /home/gideon/PerlMonksFlairApp/lib/PerlMonksFlairApp.pm l. 119
[16535] debug @0.841074> [hit #20]Set xp in /home/gideon/PerlMonksFlairApp/lib/PerlMonksFlairApp.pm l. 90
[16535] debug @0.841398> [hit #20]set lvl in /home/gideon/PerlMonksFlairApp/lib/PerlMonksFlairApp.pm l. 96
[16535] debug @0.841646> [hit #20]set witeups in /home/gideon/PerlMonksFlairApp/lib/PerlMonksFlairApp.pm l. 102
[16535] debug @0.854437> [hit #20]davido => Xp: 46246
 3958 level = Bishop (22) L =22 in /home/gideon/PerlMonksFlairApp/lib/PerlMonksFlairApp.pm l. 109
[16535] debug @0.855298> [hit #20]color is: 0 in /home/gideon/PerlMonksFlairApp/lib/PerlMonksFlairApp.pm l. 119
