[13474]  info @0.000014>  in /home/gideon/github/perlmonksflair/PerlMonksFlairApp/lib/PerlMonksFlairApp.pm l. 8
[13474]  info @0.001042> [hit #1]User => gideondsouza in /home/gideon/github/perlmonksflair/PerlMonksFlairApp/lib/PerlMonksFlairApp.pm l. 18
[13474]  info @0.001086> [hit #2]User => tobyink in /home/gideon/github/perlmonksflair/PerlMonksFlairApp/lib/PerlMonksFlairApp.pm l. 18
[13474]  info @0.001074> [hit #3]User => Happy-the-monk in /home/gideon/github/perlmonksflair/PerlMonksFlairApp/lib/PerlMonksFlairApp.pm l. 18
[13478]  info @0.000014>  in /home/gideon/github/perlmonksflair/PerlMonksFlairApp/lib/PerlMonksFlairApp.pm l. 8
[13478]  info @0.001101> [hit #1]User => Happy-the-monk in /home/gideon/github/perlmonksflair/PerlMonksFlairApp/lib/PerlMonksFlairApp.pm l. 18
[13479]  info @0.000013>  in /home/gideon/github/perlmonksflair/PerlMonksFlairApp/lib/PerlMonksFlairApp.pm l. 8
[13483]  info @0.000012>  in /home/gideon/github/perlmonksflair/PerlMonksFlairApp/lib/PerlMonksFlairApp.pm l. 8
[13483]  info @0.000997> [hit #1]User => Happy-the-monk in /home/gideon/github/perlmonksflair/PerlMonksFlairApp/lib/PerlMonksFlairApp.pm l. 18
[13483]  info @0.001034> [hit #6]User => mst in /home/gideon/github/perlmonksflair/PerlMonksFlairApp/lib/PerlMonksFlairApp.pm l. 18
[13483] error @0.514963> [hit #6]request to GET /mst.jpg crashed: Warning caught during route execution: Argument "none earned" isn't numeric in numeric ge (>=) at /home/gideon/github/perlmonksflair/PerlMonksFlairApp/lib/PerlMonksFlairApp.pm line 71. in /usr/local/share/perl5/Dancer/Handler.pm l. 98
[13483]  info @0.001131> [hit #10]User => tilly in /home/gideon/github/perlmonksflair/PerlMonksFlairApp/lib/PerlMonksFlairApp.pm l. 18
[13484]  info @0.000014>  in /home/gideon/github/perlmonksflair/PerlMonksFlairApp/lib/PerlMonksFlairApp.pm l. 8
[13484]  info @0.001006> [hit #1]User => mst in /home/gideon/github/perlmonksflair/PerlMonksFlairApp/lib/PerlMonksFlairApp.pm l. 18
[13484] error @0.531728> [hit #1]request to GET /mst.jpg crashed: Warning caught during route execution: Argument "none earned" isn't numeric in numeric ge (>=) at /home/gideon/github/perlmonksflair/PerlMonksFlairApp/lib/PerlMonksFlairApp.pm line 71. in /usr/local/share/perl5/Dancer/Handler.pm l. 98
[13492]  info @0.000013>  in /home/gideon/github/perlmonksflair/PerlMonksFlairApp/lib/PerlMonksFlairApp.pm l. 8
[13492]  info @0.001020> [hit #1]User => mst in /home/gideon/github/perlmonksflair/PerlMonksFlairApp/lib/PerlMonksFlairApp.pm l. 18
[13493]  info @0.000013>  in /home/gideon/github/perlmonksflair/PerlMonksFlairApp/lib/PerlMonksFlairApp.pm l. 8
[13493]  info @0.001138> [hit #1]User => Your Mother in /home/gideon/github/perlmonksflair/PerlMonksFlairApp/lib/PerlMonksFlairApp.pm l. 18
[13493]  info @0.001066> [hit #2]User => gideondsouza in /home/gideon/github/perlmonksflair/PerlMonksFlairApp/lib/PerlMonksFlairApp.pm l. 18
[13493]  info @0.001203> [hit #3]User => Ratazong in /home/gideon/github/perlmonksflair/PerlMonksFlairApp/lib/PerlMonksFlairApp.pm l. 18
